/home/aditya/dmd/generated/linux/release/64/dmd -conf= -m64 -Irunnable  -fPIC  -od/home/aditya/dmd/perf-results/runnable/d -c  runnable/link14588.d
/home/aditya/dmd/generated/linux/release/64/dmd -conf= -m64 -Irunnable  -fPIC  -od/home/aditya/dmd/perf-results/runnable/d -c  runnable/imports/link14588a.d
/home/aditya/dmd/generated/linux/release/64/dmd -conf= -m64  -fPIC  -od/home/aditya/dmd/perf-results/runnable/d -of/home/aditya/dmd/perf-results/runnable/d/link14588_0 /home/aditya/dmd/perf-results/runnable/d/link14588.o /home/aditya/dmd/perf-results/runnable/d/link14588a.o
/home/aditya/dmd/perf-results/runnable/d/link14588_0  --DRT-testmode=run-main

/home/aditya/dmd/generated/linux/release/64/dmd -conf= -m64 -Irunnable  -fPIC -allinst -od/home/aditya/dmd/perf-results/runnable/d -c  runnable/link14588.d
/home/aditya/dmd/generated/linux/release/64/dmd -conf= -m64 -Irunnable  -fPIC -allinst -od/home/aditya/dmd/perf-results/runnable/d -c  runnable/imports/link14588a.d
/home/aditya/dmd/generated/linux/release/64/dmd -conf= -m64  -fPIC  -od/home/aditya/dmd/perf-results/runnable/d -of/home/aditya/dmd/perf-results/runnable/d/link14588_1 /home/aditya/dmd/perf-results/runnable/d/link14588.o /home/aditya/dmd/perf-results/runnable/d/link14588a.o
/home/aditya/dmd/perf-results/runnable/d/link14588_1  --DRT-testmode=run-main

/home/aditya/dmd/generated/linux/release/64/dmd -conf= -m64 -Irunnable  -fPIC -unittest -od/home/aditya/dmd/perf-results/runnable/d -c  runnable/link14588.d
/home/aditya/dmd/generated/linux/release/64/dmd -conf= -m64 -Irunnable  -fPIC -unittest -od/home/aditya/dmd/perf-results/runnable/d -c  runnable/imports/link14588a.d
/home/aditya/dmd/generated/linux/release/64/dmd -conf= -m64  -fPIC  -od/home/aditya/dmd/perf-results/runnable/d -of/home/aditya/dmd/perf-results/runnable/d/link14588_2 /home/aditya/dmd/perf-results/runnable/d/link14588.o /home/aditya/dmd/perf-results/runnable/d/link14588a.o
/home/aditya/dmd/perf-results/runnable/d/link14588_2  --DRT-testmode=run-main

/home/aditya/dmd/generated/linux/release/64/dmd -conf= -m64 -Irunnable  -fPIC -allinst -unittest -od/home/aditya/dmd/perf-results/runnable/d -c  runnable/link14588.d
/home/aditya/dmd/generated/linux/release/64/dmd -conf= -m64 -Irunnable  -fPIC -allinst -unittest -od/home/aditya/dmd/perf-results/runnable/d -c  runnable/imports/link14588a.d
/home/aditya/dmd/generated/linux/release/64/dmd -conf= -m64  -fPIC  -od/home/aditya/dmd/perf-results/runnable/d -of/home/aditya/dmd/perf-results/runnable/d/link14588_3 /home/aditya/dmd/perf-results/runnable/d/link14588.o /home/aditya/dmd/perf-results/runnable/d/link14588a.o
/home/aditya/dmd/perf-results/runnable/d/link14588_3  --DRT-testmode=run-main

/home/aditya/dmd/generated/linux/release/64/dmd -conf= -m64 -Irunnable  -fPIC -debug -od/home/aditya/dmd/perf-results/runnable/d -c  runnable/link14588.d
/home/aditya/dmd/generated/linux/release/64/dmd -conf= -m64 -Irunnable  -fPIC -debug -od/home/aditya/dmd/perf-results/runnable/d -c  runnable/imports/link14588a.d
/home/aditya/dmd/generated/linux/release/64/dmd -conf= -m64  -fPIC  -od/home/aditya/dmd/perf-results/runnable/d -of/home/aditya/dmd/perf-results/runnable/d/link14588_4 /home/aditya/dmd/perf-results/runnable/d/link14588.o /home/aditya/dmd/perf-results/runnable/d/link14588a.o
/home/aditya/dmd/perf-results/runnable/d/link14588_4  --DRT-testmode=run-main

/home/aditya/dmd/generated/linux/release/64/dmd -conf= -m64 -Irunnable  -fPIC -allinst -debug -od/home/aditya/dmd/perf-results/runnable/d -c  runnable/link14588.d
/home/aditya/dmd/generated/linux/release/64/dmd -conf= -m64 -Irunnable  -fPIC -allinst -debug -od/home/aditya/dmd/perf-results/runnable/d -c  runnable/imports/link14588a.d
/home/aditya/dmd/generated/linux/release/64/dmd -conf= -m64  -fPIC  -od/home/aditya/dmd/perf-results/runnable/d -of/home/aditya/dmd/perf-results/runnable/d/link14588_5 /home/aditya/dmd/perf-results/runnable/d/link14588.o /home/aditya/dmd/perf-results/runnable/d/link14588a.o
/home/aditya/dmd/perf-results/runnable/d/link14588_5  --DRT-testmode=run-main

/home/aditya/dmd/generated/linux/release/64/dmd -conf= -m64 -Irunnable  -fPIC -unittest -debug -od/home/aditya/dmd/perf-results/runnable/d -c  runnable/link14588.d
/home/aditya/dmd/generated/linux/release/64/dmd -conf= -m64 -Irunnable  -fPIC -unittest -debug -od/home/aditya/dmd/perf-results/runnable/d -c  runnable/imports/link14588a.d
/home/aditya/dmd/generated/linux/release/64/dmd -conf= -m64  -fPIC  -od/home/aditya/dmd/perf-results/runnable/d -of/home/aditya/dmd/perf-results/runnable/d/link14588_6 /home/aditya/dmd/perf-results/runnable/d/link14588.o /home/aditya/dmd/perf-results/runnable/d/link14588a.o
/home/aditya/dmd/perf-results/runnable/d/link14588_6  --DRT-testmode=run-main

/home/aditya/dmd/generated/linux/release/64/dmd -conf= -m64 -Irunnable  -fPIC -allinst -unittest -debug -od/home/aditya/dmd/perf-results/runnable/d -c  runnable/link14588.d
/home/aditya/dmd/generated/linux/release/64/dmd -conf= -m64 -Irunnable  -fPIC -allinst -unittest -debug -od/home/aditya/dmd/perf-results/runnable/d -c  runnable/imports/link14588a.d
/home/aditya/dmd/generated/linux/release/64/dmd -conf= -m64  -fPIC  -od/home/aditya/dmd/perf-results/runnable/d -of/home/aditya/dmd/perf-results/runnable/d/link14588_7 /home/aditya/dmd/perf-results/runnable/d/link14588.o /home/aditya/dmd/perf-results/runnable/d/link14588a.o
/home/aditya/dmd/perf-results/runnable/d/link14588_7  --DRT-testmode=run-main

/home/aditya/dmd/generated/linux/release/64/dmd -conf= -m64 -Irunnable  -fPIC -inline -od/home/aditya/dmd/perf-results/runnable/d -c  runnable/link14588.d
/home/aditya/dmd/generated/linux/release/64/dmd -conf= -m64 -Irunnable  -fPIC -inline -od/home/aditya/dmd/perf-results/runnable/d -c  runnable/imports/link14588a.d
/home/aditya/dmd/generated/linux/release/64/dmd -conf= -m64  -fPIC  -od/home/aditya/dmd/perf-results/runnable/d -of/home/aditya/dmd/perf-results/runnable/d/link14588_8 /home/aditya/dmd/perf-results/runnable/d/link14588.o /home/aditya/dmd/perf-results/runnable/d/link14588a.o
/home/aditya/dmd/perf-results/runnable/d/link14588_8  --DRT-testmode=run-main

/home/aditya/dmd/generated/linux/release/64/dmd -conf= -m64 -Irunnable  -fPIC -allinst -inline -od/home/aditya/dmd/perf-results/runnable/d -c  runnable/link14588.d
/home/aditya/dmd/generated/linux/release/64/dmd -conf= -m64 -Irunnable  -fPIC -allinst -inline -od/home/aditya/dmd/perf-results/runnable/d -c  runnable/imports/link14588a.d
/home/aditya/dmd/generated/linux/release/64/dmd -conf= -m64  -fPIC  -od/home/aditya/dmd/perf-results/runnable/d -of/home/aditya/dmd/perf-results/runnable/d/link14588_9 /home/aditya/dmd/perf-results/runnable/d/link14588.o /home/aditya/dmd/perf-results/runnable/d/link14588a.o
/home/aditya/dmd/perf-results/runnable/d/link14588_9  --DRT-testmode=run-main

/home/aditya/dmd/generated/linux/release/64/dmd -conf= -m64 -Irunnable  -fPIC -unittest -inline -od/home/aditya/dmd/perf-results/runnable/d -c  runnable/link14588.d
/home/aditya/dmd/generated/linux/release/64/dmd -conf= -m64 -Irunnable  -fPIC -unittest -inline -od/home/aditya/dmd/perf-results/runnable/d -c  runnable/imports/link14588a.d
/home/aditya/dmd/generated/linux/release/64/dmd -conf= -m64  -fPIC  -od/home/aditya/dmd/perf-results/runnable/d -of/home/aditya/dmd/perf-results/runnable/d/link14588_10 /home/aditya/dmd/perf-results/runnable/d/link14588.o /home/aditya/dmd/perf-results/runnable/d/link14588a.o
/home/aditya/dmd/perf-results/runnable/d/link14588_10  --DRT-testmode=run-main

/home/aditya/dmd/generated/linux/release/64/dmd -conf= -m64 -Irunnable  -fPIC -allinst -unittest -inline -od/home/aditya/dmd/perf-results/runnable/d -c  runnable/link14588.d
/home/aditya/dmd/generated/linux/release/64/dmd -conf= -m64 -Irunnable  -fPIC -allinst -unittest -inline -od/home/aditya/dmd/perf-results/runnable/d -c  runnable/imports/link14588a.d
/home/aditya/dmd/generated/linux/release/64/dmd -conf= -m64  -fPIC  -od/home/aditya/dmd/perf-results/runnable/d -of/home/aditya/dmd/perf-results/runnable/d/link14588_11 /home/aditya/dmd/perf-results/runnable/d/link14588.o /home/aditya/dmd/perf-results/runnable/d/link14588a.o
/home/aditya/dmd/perf-results/runnable/d/link14588_11  --DRT-testmode=run-main

/home/aditya/dmd/generated/linux/release/64/dmd -conf= -m64 -Irunnable  -fPIC -debug -inline -od/home/aditya/dmd/perf-results/runnable/d -c  runnable/link14588.d
/home/aditya/dmd/generated/linux/release/64/dmd -conf= -m64 -Irunnable  -fPIC -debug -inline -od/home/aditya/dmd/perf-results/runnable/d -c  runnable/imports/link14588a.d
/home/aditya/dmd/generated/linux/release/64/dmd -conf= -m64  -fPIC  -od/home/aditya/dmd/perf-results/runnable/d -of/home/aditya/dmd/perf-results/runnable/d/link14588_12 /home/aditya/dmd/perf-results/runnable/d/link14588.o /home/aditya/dmd/perf-results/runnable/d/link14588a.o
/home/aditya/dmd/perf-results/runnable/d/link14588_12  --DRT-testmode=run-main

/home/aditya/dmd/generated/linux/release/64/dmd -conf= -m64 -Irunnable  -fPIC -allinst -debug -inline -od/home/aditya/dmd/perf-results/runnable/d -c  runnable/link14588.d
/home/aditya/dmd/generated/linux/release/64/dmd -conf= -m64 -Irunnable  -fPIC -allinst -debug -inline -od/home/aditya/dmd/perf-results/runnable/d -c  runnable/imports/link14588a.d
/home/aditya/dmd/generated/linux/release/64/dmd -conf= -m64  -fPIC  -od/home/aditya/dmd/perf-results/runnable/d -of/home/aditya/dmd/perf-results/runnable/d/link14588_13 /home/aditya/dmd/perf-results/runnable/d/link14588.o /home/aditya/dmd/perf-results/runnable/d/link14588a.o
/home/aditya/dmd/perf-results/runnable/d/link14588_13  --DRT-testmode=run-main

/home/aditya/dmd/generated/linux/release/64/dmd -conf= -m64 -Irunnable  -fPIC -unittest -debug -inline -od/home/aditya/dmd/perf-results/runnable/d -c  runnable/link14588.d
/home/aditya/dmd/generated/linux/release/64/dmd -conf= -m64 -Irunnable  -fPIC -unittest -debug -inline -od/home/aditya/dmd/perf-results/runnable/d -c  runnable/imports/link14588a.d
/home/aditya/dmd/generated/linux/release/64/dmd -conf= -m64  -fPIC  -od/home/aditya/dmd/perf-results/runnable/d -of/home/aditya/dmd/perf-results/runnable/d/link14588_14 /home/aditya/dmd/perf-results/runnable/d/link14588.o /home/aditya/dmd/perf-results/runnable/d/link14588a.o
/home/aditya/dmd/perf-results/runnable/d/link14588_14  --DRT-testmode=run-main

/home/aditya/dmd/generated/linux/release/64/dmd -conf= -m64 -Irunnable  -fPIC -allinst -unittest -debug -inline -od/home/aditya/dmd/perf-results/runnable/d -c  runnable/link14588.d
/home/aditya/dmd/generated/linux/release/64/dmd -conf= -m64 -Irunnable  -fPIC -allinst -unittest -debug -inline -od/home/aditya/dmd/perf-results/runnable/d -c  runnable/imports/link14588a.d
/home/aditya/dmd/generated/linux/release/64/dmd -conf= -m64  -fPIC  -od/home/aditya/dmd/perf-results/runnable/d -of/home/aditya/dmd/perf-results/runnable/d/link14588_15 /home/aditya/dmd/perf-results/runnable/d/link14588.o /home/aditya/dmd/perf-results/runnable/d/link14588a.o
/home/aditya/dmd/perf-results/runnable/d/link14588_15  --DRT-testmode=run-main

